<?xml version="1.0" encoding="utf-8"?><testsuites name="pytest tests"><testsuite name="pytest" errors="0" failures="0" skipped="0" tests="25" time="3.368" timestamp="2026-03-16T16:22:30.963075+00:00" hostname="agent-env-7687c67b-227b-4a9c-927a-1a2b0ca434bd"><testcase classname="backend.tests.test_orcabet_apis.TestPublicEndpoints" name="test_get_events_public" time="0.339" /><testcase classname="backend.tests.test_orcabet_apis.TestPublicEndpoints" name="test_get_athletes_public" time="0.204" /><testcase classname="backend.tests.test_orcabet_apis.TestPublicEndpoints" name="test_get_pack_config_public" time="0.050" /><testcase classname="backend.tests.test_orcabet_apis.TestPublicEndpoints" name="test_get_market_listings_public" time="0.047" /><testcase classname="backend.tests.test_orcabet_apis.TestPublicEndpoints" name="test_get_leaderboard_public" time="0.086" /><testcase classname="backend.tests.test_orcabet_apis.TestFirebaseAuth" name="test_firebase_sign_in_admin" time="0.224" /><testcase classname="backend.tests.test_orcabet_apis.TestFirebaseAuth" name="test_firebase_sign_in_invalid_credentials" time="0.174" /><testcase classname="backend.tests.test_orcabet_apis.TestFirebaseAuth" name="test_api_login_with_firebase_token" time="0.386" /><testcase classname="backend.tests.test_orcabet_apis.TestFirebaseAuth" name="test_api_login_without_token" time="0.047" /><testcase classname="backend.tests.test_orcabet_apis.TestUserEndpoints" name="test_get_user_profile" time="0.049" /><testcase classname="backend.tests.test_orcabet_apis.TestUserEndpoints" name="test_get_user_balance" time="0.055" /><testcase classname="backend.tests.test_orcabet_apis.TestUserEndpoints" name="test_get_user_profile_unauthorized" time="0.051" /><testcase classname="backend.tests.test_orcabet_apis.TestUserEndpoints" name="test_user_search" time="0.055" /><testcase classname="backend.tests.test_orcabet_apis.TestBettingEndpoints" name="test_get_my_bets" time="0.062" /><testcase classname="backend.tests.test_orcabet_apis.TestBettingEndpoints" name="test_admin_create_event" time="0.214" /><testcase classname="backend.tests.test_orcabet_apis.TestBettingEndpoints" name="test_admin_get_all_events" time="0.065" /><testcase classname="backend.tests.test_orcabet_apis.TestCollectionEndpoints" name="test_get_my_collection" time="0.061" /><testcase classname="backend.tests.test_orcabet_apis.TestCollectionEndpoints" name="test_get_user_collection_public" time="0.125" /><testcase classname="backend.tests.test_orcabet_apis.TestRouletteEndpoints" name="test_get_roulette_status" time="0.056" /><testcase classname="backend.tests.test_orcabet_apis.TestPackEndpoints" name="test_check_free_pack_available" time="0.059" /><testcase classname="backend.tests.test_orcabet_apis.TestAdminEndpoints" name="test_get_admin_stats" time="0.061" /><testcase classname="backend.tests.test_orcabet_apis.TestAdminEndpoints" name="test_get_admin_users" time="0.075" /><testcase classname="backend.tests.test_orcabet_apis.TestAdminEndpoints" name="test_admin_stats_unauthorized" time="0.062" /><testcase classname="backend.tests.test_orcabet_apis.TestIntegrationFlows" name="test_admin_create_close_resolve_event_flow" time="0.240" /><testcase classname="backend.tests.test_orcabet_apis.TestIntegrationFlows" name="test_admin_athlete_crud_flow" time="0.365" /></testsuite></testsuites>